
time step:0.1, total neurons=50, total synapses=986

internal random seed enable!
repeats=1,each repeat random seed= 651286303

population information:-------------------------------------------
-------------------------------------------
neuron:0
ActCtr=239 Vth=-30.01mv El=-70mv g=0.1uS Cm=1nF Vreset=-50mv df=0.99005 ef=0.0995016 dVmax=401.903mv
AMPA df=0.1 Vrev=0mV GABA df=0.980199 Vrev=-70mV
NMDA dfxt=0.1 dfst=0.1 efst=0.01 Vrev=0mV as=0.6332 mg=1
ACH df=0.995012 Vrev=0mV GCL df=0.1 Vrev=-90mV
LIF: RfPed=1.9ms SpiDy=0ms
noise parameters:
Injection current:mean=0 stddev=0
Ext AMPA:prob=0,g=0
Ext GABA:prob=0,g=2.1
Ext Ach:prob=0,g=2.1
Ext GluCl:prob=0,g=0
Ext NMDA:prob=0,g=0
-------------------------------------------
neuron:1
ActCtr=239 Vth=-30.01mv El=-70mv g=0.1uS Cm=1nF Vreset=-50mv df=0.99005 ef=0.0995016 dVmax=401.903mv
AMPA df=0.1 Vrev=0mV GABA df=0.980199 Vrev=-70mV
NMDA dfxt=0.1 dfst=0.1 efst=0.01 Vrev=0mV as=0.6332 mg=1
ACH df=0.995012 Vrev=0mV GCL df=0.1 Vrev=-90mV
LIF: RfPed=1.9ms SpiDy=0ms
noise parameters:
Injection current:mean=0 stddev=0
Ext AMPA:prob=0,g=0
Ext GABA:prob=0,g=2.1
Ext Ach:prob=0,g=2.1
Ext GluCl:prob=0,g=0
Ext NMDA:prob=0,g=0
-------------------------------------------
neuron:2
ActCtr=239 Vth=-30.01mv El=-70mv g=0.1uS Cm=1nF Vreset=-50mv df=0.99005 ef=0.0995016 dVmax=401.903mv
AMPA df=0.1 Vrev=0mV GABA df=0.980199 Vrev=-70mV
NMDA dfxt=0.1 dfst=0.1 efst=0.01 Vrev=0mV as=0.6332 mg=1
ACH df=0.995012 Vrev=0mV GCL df=0.1 Vrev=-90mV
LIF: RfPed=1.9ms SpiDy=0ms
noise parameters:
Injection current:mean=0 stddev=0
Ext AMPA:prob=0,g=0
Ext GABA:prob=0,g=2.1
Ext Ach:prob=0,g=2.1
Ext GluCl:prob=0,g=0
Ext NMDA:prob=0,g=0
-------------------------------------------
neuron:3
ActCtr=239 Vth=-30.01mv El=-70mv g=0.1uS Cm=1nF Vreset=-50mv df=0.99005 ef=0.0995016 dVmax=401.903mv
AMPA df=0.1 Vrev=0mV GABA df=0.980199 Vrev=-70mV
NMDA dfxt=0.1 dfst=0.1 efst=0.01 Vrev=0mV as=0.6332 mg=1
ACH df=0.995012 Vrev=0mV GCL df=0.1 Vrev=-90mV
LIF: RfPed=1.9ms SpiDy=0ms
noise parameters:
Injection current:mean=0 stddev=0
Ext AMPA:prob=0,g=0
Ext GABA:prob=0,g=2.1
Ext Ach:prob=0,g=2.1
Ext GluCl:prob=0,g=0
Ext NMDA:prob=0,g=0
-------------------------------------------
neuron:4
ActCtr=239 Vth=-30.01mv El=-70mv g=0.1uS Cm=1nF Vreset=-50mv df=0.99005 ef=0.0995016 dVmax=401.903mv
AMPA df=0.1 Vrev=0mV GABA df=0.980199 Vrev=-70mV
NMDA dfxt=0.1 dfst=0.1 efst=0.01 Vrev=0mV as=0.6332 mg=1
ACH df=0.995012 Vrev=0mV GCL df=0.1 Vrev=-90mV
LIF: RfPed=1.9ms SpiDy=0ms
noise parameters:
Injection current:mean=0 stddev=0
Ext AMPA:prob=0,g=0
Ext GABA:prob=0,g=2.1
Ext Ach:prob=0,g=2.1
Ext GluCl:prob=0,g=0
Ext NMDA:prob=0,g=0
-------------------------------------------
neuron:5
ActCtr=239 Vth=-30.01mv El=-70mv g=0.1uS Cm=1nF Vreset=-50mv df=0.99005 ef=0.0995016 dVmax=401.903mv
AMPA df=0.1 Vrev=0mV GABA df=0.980199 Vrev=-70mV
NMDA dfxt=0.1 dfst=0.1 efst=0.01 Vrev=0mV as=0.6332 mg=1
ACH df=0.995012 Vrev=0mV GCL df=0.1 Vrev=-90mV
LIF: RfPed=1.9ms SpiDy=0ms
noise parameters:
Injection current:mean=0 stddev=0
Ext AMPA:prob=0,g=0
Ext GABA:prob=0,g=2.1
Ext Ach:prob=0,g=2.1
Ext GluCl:prob=0,g=0
Ext NMDA:prob=0,g=0
-------------------------------------------
neuron:6
ActCtr=239 Vth=-30.01mv El=-70mv g=0.1uS Cm=1nF Vreset=-50mv df=0.99005 ef=0.0995016 dVmax=401.903mv
AMPA df=0.1 Vrev=0mV GABA df=0.980199 Vrev=-70mV
NMDA dfxt=0.1 dfst=0.1 efst=0.01 Vrev=0mV as=0.6332 mg=1
ACH df=0.995012 Vrev=0mV GCL df=0.1 Vrev=-90mV
LIF: RfPed=1.9ms SpiDy=0ms
noise parameters:
Injection current:mean=0 stddev=0
Ext AMPA:prob=0,g=0
Ext GABA:prob=0,g=2.1
Ext Ach:prob=0,g=2.1
Ext GluCl:prob=0,g=0
Ext NMDA:prob=0,g=0
-------------------------------------------
neuron:7
ActCtr=239 Vth=-30.01mv El=-70mv g=0.1uS Cm=1nF Vreset=-50mv df=0.99005 ef=0.0995016 dVmax=401.903mv
AMPA df=0.1 Vrev=0mV GABA df=0.980199 Vrev=-70mV
NMDA dfxt=0.1 dfst=0.1 efst=0.01 Vrev=0mV as=0.6332 mg=1
ACH df=0.995012 Vrev=0mV GCL df=0.1 Vrev=-90mV
LIF: RfPed=1.9ms SpiDy=0ms
noise parameters:
Injection current:mean=0 stddev=0
Ext AMPA:prob=0,g=0
Ext GABA:prob=0,g=2.1
Ext Ach:prob=0,g=2.1
Ext GluCl:prob=0,g=0
Ext NMDA:prob=0,g=0
-------------------------------------------
neuron:8
ActCtr=239 Vth=-30.01mv El=-70mv g=0.1uS Cm=1nF Vreset=-50mv df=0.99005 ef=0.0995016 dVmax=401.903mv
AMPA df=0.1 Vrev=0mV GABA df=0.980199 Vrev=-70mV
NMDA dfxt=0.1 dfst=0.1 efst=0.01 Vrev=0mV as=0.6332 mg=1
ACH df=0.995012 Vrev=0mV GCL df=0.1 Vrev=-90mV
LIF: RfPed=1.9ms SpiDy=0ms
noise parameters:
Injection current:mean=0 stddev=0
Ext AMPA:prob=0,g=0
Ext GABA:prob=0,g=2.1
Ext Ach:prob=0,g=2.1
Ext GluCl:prob=0,g=0
Ext NMDA:prob=0,g=0
-------------------------------------------
neuron:9
ActCtr=239 Vth=-30.01mv El=-70mv g=0.1uS Cm=1nF Vreset=-50mv df=0.99005 ef=0.0995016 dVmax=401.903mv
AMPA df=0.1 Vrev=0mV GABA df=0.980199 Vrev=-70mV
NMDA dfxt=0.1 dfst=0.1 efst=0.01 Vrev=0mV as=0.6332 mg=1
ACH df=0.995012 Vrev=0mV GCL df=0.1 Vrev=-90mV
LIF: RfPed=1.9ms SpiDy=0ms
noise parameters:
Injection current:mean=0 stddev=0
Ext AMPA:prob=0,g=0
Ext GABA:prob=0,g=2.1
Ext Ach:prob=0,g=2.1
Ext GluCl:prob=0,g=0
Ext NMDA:prob=0,g=0
-------------------------------------------
neuron:10
ActCtr=239 Vth=-30.01mv El=-70mv g=0.1uS Cm=1nF Vreset=-50mv df=0.99005 ef=0.0995016 dVmax=401.903mv
AMPA df=0.1 Vrev=0mV GABA df=0.980199 Vrev=-70mV
NMDA dfxt=0.1 dfst=0.1 efst=0.01 Vrev=0mV as=0.6332 mg=1
ACH df=0.995012 Vrev=0mV GCL df=0.1 Vrev=-90mV
LIF: RfPed=1.9ms SpiDy=0ms
noise parameters:
Injection current:mean=0 stddev=0
Ext AMPA:prob=0,g=0
Ext GABA:prob=0,g=2.1
Ext Ach:prob=0,g=2.1
Ext GluCl:prob=0,g=0
Ext NMDA:prob=0,g=0
-------------------------------------------
neuron:11
ActCtr=239 Vth=-30.01mv El=-70mv g=0.1uS Cm=1nF Vreset=-50mv df=0.99005 ef=0.0995016 dVmax=401.903mv
AMPA df=0.1 Vrev=0mV GABA df=0.980199 Vrev=-70mV
NMDA dfxt=0.1 dfst=0.1 efst=0.01 Vrev=0mV as=0.6332 mg=1
ACH df=0.995012 Vrev=0mV GCL df=0.1 Vrev=-90mV
LIF: RfPed=1.9ms SpiDy=0ms
noise parameters:
Injection current:mean=0 stddev=0
Ext AMPA:prob=0,g=0
Ext GABA:prob=0,g=2.1
Ext Ach:prob=0,g=2.1
Ext GluCl:prob=0,g=0
Ext NMDA:prob=0,g=0
-------------------------------------------
neuron:12
ActCtr=239 Vth=-30.01mv El=-70mv g=0.1uS Cm=1nF Vreset=-50mv df=0.99005 ef=0.0995016 dVmax=401.903mv
AMPA df=0.1 Vrev=0mV GABA df=0.980199 Vrev=-70mV
NMDA dfxt=0.1 dfst=0.1 efst=0.01 Vrev=0mV as=0.6332 mg=1
ACH df=0.995012 Vrev=0mV GCL df=0.1 Vrev=-90mV
LIF: RfPed=1.9ms SpiDy=0ms
noise parameters:
Injection current:mean=0 stddev=0
Ext AMPA:prob=0,g=0
Ext GABA:prob=0,g=2.1
Ext Ach:prob=0,g=2.1
Ext GluCl:prob=0,g=0
Ext NMDA:prob=0,g=0
-------------------------------------------
neuron:13
ActCtr=239 Vth=-30.01mv El=-70mv g=0.1uS Cm=1nF Vreset=-50mv df=0.99005 ef=0.0995016 dVmax=401.903mv
AMPA df=0.1 Vrev=0mV GABA df=0.980199 Vrev=-70mV
NMDA dfxt=0.1 dfst=0.1 efst=0.01 Vrev=0mV as=0.6332 mg=1
ACH df=0.995012 Vrev=0mV GCL df=0.1 Vrev=-90mV
LIF: RfPed=1.9ms SpiDy=0ms
noise parameters:
Injection current:mean=0 stddev=0
Ext AMPA:prob=0,g=0
Ext GABA:prob=0,g=2.1
Ext Ach:prob=0,g=2.1
Ext GluCl:prob=0,g=0
Ext NMDA:prob=0,g=0
-------------------------------------------
neuron:14
ActCtr=239 Vth=-30.01mv El=-70mv g=0.1uS Cm=1nF Vreset=-50mv df=0.99005 ef=0.0995016 dVmax=401.903mv
AMPA df=0.1 Vrev=0mV GABA df=0.980199 Vrev=-70mV
NMDA dfxt=0.1 dfst=0.1 efst=0.01 Vrev=0mV as=0.6332 mg=1
ACH df=0.995012 Vrev=0mV GCL df=0.1 Vrev=-90mV
LIF: RfPed=1.9ms SpiDy=0ms
noise parameters:
Injection current:mean=0 stddev=0
Ext AMPA:prob=0,g=0
Ext GABA:prob=0,g=2.1
Ext Ach:prob=0,g=2.1
Ext GluCl:prob=0,g=0
Ext NMDA:prob=0,g=0
-------------------------------------------
neuron:15
ActCtr=239 Vth=-30.01mv El=-70mv g=0.1uS Cm=1nF Vreset=-50mv df=0.99005 ef=0.0995016 dVmax=401.903mv
AMPA df=0.1 Vrev=0mV GABA df=0.980199 Vrev=-70mV
NMDA dfxt=0.1 dfst=0.1 efst=0.01 Vrev=0mV as=0.6332 mg=1
ACH df=0.995012 Vrev=0mV GCL df=0.1 Vrev=-90mV
LIF: RfPed=1.9ms SpiDy=0ms
noise parameters:
Injection current:mean=0 stddev=0
Ext AMPA:prob=0,g=0
Ext GABA:prob=0,g=2.1
Ext Ach:prob=0,g=2.1
Ext GluCl:prob=0,g=0
Ext NMDA:prob=0,g=0
-------------------------------------------
neuron:16
ActCtr=239 Vth=-30.01mv El=-70mv g=0.1uS Cm=1nF Vreset=-50mv df=0.99005 ef=0.0995016 dVmax=401.903mv
AMPA df=0.1 Vrev=0mV GABA df=0.980199 Vrev=-70mV
NMDA dfxt=0.1 dfst=0.1 efst=0.01 Vrev=0mV as=0.6332 mg=1
ACH df=0.995012 Vrev=0mV GCL df=0.1 Vrev=-90mV
LIF: RfPed=1.9ms SpiDy=0ms
noise parameters:
Injection current:mean=0 stddev=0
Ext AMPA:prob=0,g=0
Ext GABA:prob=0,g=2.1
Ext Ach:prob=0,g=2.1
Ext GluCl:prob=0,g=0
Ext NMDA:prob=0,g=0
-------------------------------------------
neuron:17
ActCtr=239 Vth=-30.01mv El=-70mv g=0.1uS Cm=1nF Vreset=-50mv df=0.99005 ef=0.0995016 dVmax=401.903mv
AMPA df=0.1 Vrev=0mV GABA df=0.980199 Vrev=-70mV
NMDA dfxt=0.1 dfst=0.1 efst=0.01 Vrev=0mV as=0.6332 mg=1
ACH df=0.995012 Vrev=0mV GCL df=0.1 Vrev=-90mV
LIF: RfPed=1.9ms SpiDy=0ms
noise parameters:
Injection current:mean=0 stddev=0
Ext AMPA:prob=0,g=0
Ext GABA:prob=0,g=2.1
Ext Ach:prob=0,g=2.1
Ext GluCl:prob=0,g=0
Ext NMDA:prob=0,g=0
-------------------------------------------
neuron:18
ActCtr=239 Vth=-30.01mv El=-70mv g=0.1uS Cm=1nF Vreset=-50mv df=0.99005 ef=0.0995016 dVmax=401.903mv
AMPA df=0.1 Vrev=0mV GABA df=0.980199 Vrev=-70mV
NMDA dfxt=0.1 dfst=0.1 efst=0.01 Vrev=0mV as=0.6332 mg=1
ACH df=0.995012 Vrev=0mV GCL df=0.1 Vrev=-90mV
LIF: RfPed=1.9ms SpiDy=0ms
noise parameters:
Injection current:mean=0 stddev=0
Ext AMPA:prob=0,g=0
Ext GABA:prob=0,g=2.1
Ext Ach:prob=0,g=2.1
Ext GluCl:prob=0,g=0
Ext NMDA:prob=0,g=0
-------------------------------------------
neuron:19
ActCtr=239 Vth=-30.01mv El=-70mv g=0.1uS Cm=1nF Vreset=-50mv df=0.99005 ef=0.0995016 dVmax=401.903mv
AMPA df=0.1 Vrev=0mV GABA df=0.980199 Vrev=-70mV
NMDA dfxt=0.1 dfst=0.1 efst=0.01 Vrev=0mV as=0.6332 mg=1
ACH df=0.995012 Vrev=0mV GCL df=0.1 Vrev=-90mV
LIF: RfPed=1.9ms SpiDy=0ms
noise parameters:
Injection current:mean=0 stddev=0
Ext AMPA:prob=0,g=0
Ext GABA:prob=0,g=2.1
Ext Ach:prob=0,g=2.1
Ext GluCl:prob=0,g=0
Ext NMDA:prob=0,g=0
-------------------------------------------
neuron:20
ActCtr=239 Vth=-30.01mv El=-70mv g=0.1uS Cm=1nF Vreset=-50mv df=0.99005 ef=0.0995016 dVmax=401.903mv
AMPA df=0.1 Vrev=0mV GABA df=0.980199 Vrev=-70mV
NMDA dfxt=0.1 dfst=0.1 efst=0.01 Vrev=0mV as=0.6332 mg=1
ACH df=0.995012 Vrev=0mV GCL df=0.1 Vrev=-90mV
LIF: RfPed=1.9ms SpiDy=0ms
noise parameters:
Injection current:mean=0 stddev=0
Ext AMPA:prob=0,g=0
Ext GABA:prob=0,g=2.1
Ext Ach:prob=0,g=2.1
Ext GluCl:prob=0,g=0
Ext NMDA:prob=0,g=0
-------------------------------------------
neuron:21
ActCtr=239 Vth=-30.01mv El=-70mv g=0.1uS Cm=1nF Vreset=-50mv df=0.99005 ef=0.0995016 dVmax=401.903mv
AMPA df=0.1 Vrev=0mV GABA df=0.980199 Vrev=-70mV
NMDA dfxt=0.1 dfst=0.1 efst=0.01 Vrev=0mV as=0.6332 mg=1
ACH df=0.995012 Vrev=0mV GCL df=0.1 Vrev=-90mV
LIF: RfPed=1.9ms SpiDy=0ms
noise parameters:
Injection current:mean=0 stddev=0
Ext AMPA:prob=0,g=0
Ext GABA:prob=0,g=2.1
Ext Ach:prob=0,g=2.1
Ext GluCl:prob=0,g=0
Ext NMDA:prob=0,g=0
-------------------------------------------
neuron:22
ActCtr=239 Vth=-30.01mv El=-70mv g=0.1uS Cm=1nF Vreset=-50mv df=0.99005 ef=0.0995016 dVmax=401.903mv
AMPA df=0.1 Vrev=0mV GABA df=0.980199 Vrev=-70mV
NMDA dfxt=0.1 dfst=0.1 efst=0.01 Vrev=0mV as=0.6332 mg=1
ACH df=0.995012 Vrev=0mV GCL df=0.1 Vrev=-90mV
LIF: RfPed=1.9ms SpiDy=0ms
noise parameters:
Injection current:mean=0 stddev=0
Ext AMPA:prob=0,g=0
Ext GABA:prob=0,g=2.1
Ext Ach:prob=0,g=2.1
Ext GluCl:prob=0,g=0
Ext NMDA:prob=0,g=0
-------------------------------------------
neuron:23
ActCtr=239 Vth=-30.01mv El=-70mv g=0.1uS Cm=1nF Vreset=-50mv df=0.99005 ef=0.0995016 dVmax=401.903mv
AMPA df=0.1 Vrev=0mV GABA df=0.980199 Vrev=-70mV
NMDA dfxt=0.1 dfst=0.1 efst=0.01 Vrev=0mV as=0.6332 mg=1
ACH df=0.995012 Vrev=0mV GCL df=0.1 Vrev=-90mV
LIF: RfPed=1.9ms SpiDy=0ms
noise parameters:
Injection current:mean=0 stddev=0
Ext AMPA:prob=0,g=0
Ext GABA:prob=0,g=2.1
Ext Ach:prob=0,g=2.1
Ext GluCl:prob=0,g=0
Ext NMDA:prob=0,g=0
-------------------------------------------
neuron:24
ActCtr=239 Vth=-30.01mv El=-70mv g=0.1uS Cm=1nF Vreset=-50mv df=0.99005 ef=0.0995016 dVmax=401.903mv
AMPA df=0.1 Vrev=0mV GABA df=0.980199 Vrev=-70mV
NMDA dfxt=0.1 dfst=0.1 efst=0.01 Vrev=0mV as=0.6332 mg=1
ACH df=0.995012 Vrev=0mV GCL df=0.1 Vrev=-90mV
LIF: RfPed=1.9ms SpiDy=0ms
noise parameters:
Injection current:mean=0 stddev=0
Ext AMPA:prob=0,g=0
Ext GABA:prob=0,g=2.1
Ext Ach:prob=0,g=2.1
Ext GluCl:prob=0,g=0
Ext NMDA:prob=0,g=0
-------------------------------------------
neuron:25
ActCtr=239 Vth=-30.01mv El=-70mv g=0.1uS Cm=1nF Vreset=-50mv df=0.99005 ef=0.0995016 dVmax=401.903mv
AMPA df=0.1 Vrev=0mV GABA df=0.980199 Vrev=-70mV
NMDA dfxt=0.1 dfst=0.1 efst=0.01 Vrev=0mV as=0.6332 mg=1
ACH df=0.995012 Vrev=0mV GCL df=0.1 Vrev=-90mV
LIF: RfPed=1.9ms SpiDy=0ms
noise parameters:
Injection current:mean=0 stddev=0
Ext AMPA:prob=0,g=0
Ext GABA:prob=0,g=2.1
Ext Ach:prob=0,g=2.1
Ext GluCl:prob=0,g=0
Ext NMDA:prob=0,g=0
-------------------------------------------
neuron:26
ActCtr=239 Vth=-30.01mv El=-70mv g=0.1uS Cm=1nF Vreset=-50mv df=0.99005 ef=0.0995016 dVmax=401.903mv
AMPA df=0.1 Vrev=0mV GABA df=0.980199 Vrev=-70mV
NMDA dfxt=0.1 dfst=0.1 efst=0.01 Vrev=0mV as=0.6332 mg=1
ACH df=0.995012 Vrev=0mV GCL df=0.1 Vrev=-90mV
LIF: RfPed=1.9ms SpiDy=0ms
noise parameters:
Injection current:mean=0 stddev=0
Ext AMPA:prob=0,g=0
Ext GABA:prob=0,g=2.1
Ext Ach:prob=0,g=2.1
Ext GluCl:prob=0,g=0
Ext NMDA:prob=0,g=0
-------------------------------------------
neuron:27
ActCtr=239 Vth=-30.01mv El=-70mv g=0.1uS Cm=1nF Vreset=-50mv df=0.99005 ef=0.0995016 dVmax=401.903mv
AMPA df=0.1 Vrev=0mV GABA df=0.980199 Vrev=-70mV
NMDA dfxt=0.1 dfst=0.1 efst=0.01 Vrev=0mV as=0.6332 mg=1
ACH df=0.995012 Vrev=0mV GCL df=0.1 Vrev=-90mV
LIF: RfPed=1.9ms SpiDy=0ms
noise parameters:
Injection current:mean=0 stddev=0
Ext AMPA:prob=0,g=0
Ext GABA:prob=0,g=2.1
Ext Ach:prob=0,g=2.1
Ext GluCl:prob=0,g=0
Ext NMDA:prob=0,g=0
-------------------------------------------
neuron:28
ActCtr=239 Vth=-30.01mv El=-70mv g=0.1uS Cm=1nF Vreset=-50mv df=0.99005 ef=0.0995016 dVmax=401.903mv
AMPA df=0.1 Vrev=0mV GABA df=0.980199 Vrev=-70mV
NMDA dfxt=0.1 dfst=0.1 efst=0.01 Vrev=0mV as=0.6332 mg=1
ACH df=0.995012 Vrev=0mV GCL df=0.1 Vrev=-90mV
LIF: RfPed=1.9ms SpiDy=0ms
noise parameters:
Injection current:mean=0 stddev=0
Ext AMPA:prob=0,g=0
Ext GABA:prob=0,g=2.1
Ext Ach:prob=0,g=2.1
Ext GluCl:prob=0,g=0
Ext NMDA:prob=0,g=0
-------------------------------------------
neuron:29
ActCtr=239 Vth=-30.01mv El=-70mv g=0.1uS Cm=1nF Vreset=-50mv df=0.99005 ef=0.0995016 dVmax=401.903mv
AMPA df=0.1 Vrev=0mV GABA df=0.980199 Vrev=-70mV
NMDA dfxt=0.1 dfst=0.1 efst=0.01 Vrev=0mV as=0.6332 mg=1
ACH df=0.995012 Vrev=0mV GCL df=0.1 Vrev=-90mV
LIF: RfPed=1.9ms SpiDy=0ms
noise parameters:
Injection current:mean=0 stddev=0
Ext AMPA:prob=0,g=0
Ext GABA:prob=0,g=2.1
Ext Ach:prob=0,g=2.1
Ext GluCl:prob=0,g=0
Ext NMDA:prob=0,g=0
-------------------------------------------
neuron:30
ActCtr=239 Vth=-30.01mv El=-70mv g=0.1uS Cm=1nF Vreset=-50mv df=0.99005 ef=0.0995016 dVmax=401.903mv
AMPA df=0.1 Vrev=0mV GABA df=0.980199 Vrev=-70mV
NMDA dfxt=0.1 dfst=0.1 efst=0.01 Vrev=0mV as=0.6332 mg=1
ACH df=0.995012 Vrev=0mV GCL df=0.1 Vrev=-90mV
LIF: RfPed=1.9ms SpiDy=0ms
noise parameters:
Injection current:mean=0 stddev=0
Ext AMPA:prob=0,g=0
Ext GABA:prob=0,g=2.1
Ext Ach:prob=0,g=2.1
Ext GluCl:prob=0,g=0
Ext NMDA:prob=0,g=0
-------------------------------------------
neuron:31
ActCtr=239 Vth=-30.01mv El=-70mv g=0.1uS Cm=1nF Vreset=-50mv df=0.99005 ef=0.0995016 dVmax=401.903mv
AMPA df=0.1 Vrev=0mV GABA df=0.980199 Vrev=-70mV
NMDA dfxt=0.1 dfst=0.1 efst=0.01 Vrev=0mV as=0.6332 mg=1
ACH df=0.995012 Vrev=0mV GCL df=0.1 Vrev=-90mV
LIF: RfPed=1.9ms SpiDy=0ms
noise parameters:
Injection current:mean=0 stddev=0
Ext AMPA:prob=0,g=0
Ext GABA:prob=0,g=2.1
Ext Ach:prob=0,g=2.1
Ext GluCl:prob=0,g=0
Ext NMDA:prob=0,g=0
-------------------------------------------
neuron:32
ActCtr=239 Vth=-30.01mv El=-70mv g=0.1uS Cm=1nF Vreset=-50mv df=0.99005 ef=0.0995016 dVmax=401.903mv
AMPA df=0.1 Vrev=0mV GABA df=0.980199 Vrev=-70mV
NMDA dfxt=0.1 dfst=0.1 efst=0.01 Vrev=0mV as=0.6332 mg=1
ACH df=0.995012 Vrev=0mV GCL df=0.1 Vrev=-90mV
LIF: RfPed=1.9ms SpiDy=0ms
noise parameters:
Injection current:mean=0 stddev=0
Ext AMPA:prob=0,g=0
Ext GABA:prob=0,g=2.1
Ext Ach:prob=0,g=2.1
Ext GluCl:prob=0,g=0
Ext NMDA:prob=0,g=0
-------------------------------------------
neuron:33
ActCtr=239 Vth=-30.01mv El=-70mv g=0.1uS Cm=1nF Vreset=-50mv df=0.99005 ef=0.0995016 dVmax=401.903mv
AMPA df=0.1 Vrev=0mV GABA df=0.980199 Vrev=-70mV
NMDA dfxt=0.1 dfst=0.1 efst=0.01 Vrev=0mV as=0.6332 mg=1
ACH df=0.995012 Vrev=0mV GCL df=0.1 Vrev=-90mV
LIF: RfPed=1.9ms SpiDy=0ms
noise parameters:
Injection current:mean=0 stddev=0
Ext AMPA:prob=0,g=0
Ext GABA:prob=0,g=2.1
Ext Ach:prob=0,g=2.1
Ext GluCl:prob=0,g=0
Ext NMDA:prob=0,g=0
-------------------------------------------
neuron:34
ActCtr=239 Vth=-30.01mv El=-70mv g=0.1uS Cm=1nF Vreset=-50mv df=0.99005 ef=0.0995016 dVmax=401.903mv
AMPA df=0.1 Vrev=0mV GABA df=0.980199 Vrev=-70mV
NMDA dfxt=0.1 dfst=0.1 efst=0.01 Vrev=0mV as=0.6332 mg=1
ACH df=0.995012 Vrev=0mV GCL df=0.1 Vrev=-90mV
LIF: RfPed=1.9ms SpiDy=0ms
noise parameters:
Injection current:mean=0 stddev=0
Ext AMPA:prob=0,g=0
Ext GABA:prob=0,g=2.1
Ext Ach:prob=0,g=2.1
Ext GluCl:prob=0,g=0
Ext NMDA:prob=0,g=0
-------------------------------------------
neuron:35
ActCtr=239 Vth=-30.01mv El=-70mv g=0.1uS Cm=1nF Vreset=-50mv df=0.99005 ef=0.0995016 dVmax=401.903mv
AMPA df=0.1 Vrev=0mV GABA df=0.980199 Vrev=-70mV
NMDA dfxt=0.1 dfst=0.1 efst=0.01 Vrev=0mV as=0.6332 mg=1
ACH df=0.995012 Vrev=0mV GCL df=0.1 Vrev=-90mV
LIF: RfPed=1.9ms SpiDy=0ms
noise parameters:
Injection current:mean=0 stddev=0
Ext AMPA:prob=0,g=0
Ext GABA:prob=0,g=2.1
Ext Ach:prob=0,g=2.1
Ext GluCl:prob=0,g=0
Ext NMDA:prob=0,g=0
-------------------------------------------
neuron:36
ActCtr=239 Vth=-30.01mv El=-70mv g=0.1uS Cm=1nF Vreset=-50mv df=0.99005 ef=0.0995016 dVmax=401.903mv
AMPA df=0.1 Vrev=0mV GABA df=0.980199 Vrev=-70mV
NMDA dfxt=0.1 dfst=0.1 efst=0.01 Vrev=0mV as=0.6332 mg=1
ACH df=0.995012 Vrev=0mV GCL df=0.1 Vrev=-90mV
LIF: RfPed=1.9ms SpiDy=0ms
noise parameters:
Injection current:mean=0 stddev=0
Ext AMPA:prob=0,g=0
Ext GABA:prob=0,g=2.1
Ext Ach:prob=0,g=2.1
Ext GluCl:prob=0,g=0
Ext NMDA:prob=0,g=0
-------------------------------------------
neuron:37
ActCtr=239 Vth=-30.01mv El=-70mv g=0.1uS Cm=1nF Vreset=-50mv df=0.99005 ef=0.0995016 dVmax=401.903mv
AMPA df=0.1 Vrev=0mV GABA df=0.980199 Vrev=-70mV
NMDA dfxt=0.1 dfst=0.1 efst=0.01 Vrev=0mV as=0.6332 mg=1
ACH df=0.995012 Vrev=0mV GCL df=0.1 Vrev=-90mV
LIF: RfPed=1.9ms SpiDy=0ms
noise parameters:
Injection current:mean=0 stddev=0
Ext AMPA:prob=0,g=0
Ext GABA:prob=0,g=2.1
Ext Ach:prob=0,g=2.1
Ext GluCl:prob=0,g=0
Ext NMDA:prob=0,g=0
-------------------------------------------
neuron:38
ActCtr=239 Vth=-30.01mv El=-70mv g=0.1uS Cm=1nF Vreset=-50mv df=0.99005 ef=0.0995016 dVmax=401.903mv
AMPA df=0.1 Vrev=0mV GABA df=0.980199 Vrev=-70mV
NMDA dfxt=0.1 dfst=0.1 efst=0.01 Vrev=0mV as=0.6332 mg=1
ACH df=0.995012 Vrev=0mV GCL df=0.1 Vrev=-90mV
LIF: RfPed=1.9ms SpiDy=0ms
noise parameters:
Injection current:mean=0 stddev=0
Ext AMPA:prob=0,g=0
Ext GABA:prob=0,g=2.1
Ext Ach:prob=0,g=2.1
Ext GluCl:prob=0,g=0
Ext NMDA:prob=0,g=0
-------------------------------------------
neuron:39
ActCtr=239 Vth=-30.01mv El=-70mv g=0.1uS Cm=1nF Vreset=-50mv df=0.99005 ef=0.0995016 dVmax=401.903mv
AMPA df=0.1 Vrev=0mV GABA df=0.980199 Vrev=-70mV
NMDA dfxt=0.1 dfst=0.1 efst=0.01 Vrev=0mV as=0.6332 mg=1
ACH df=0.995012 Vrev=0mV GCL df=0.1 Vrev=-90mV
LIF: RfPed=1.9ms SpiDy=0ms
noise parameters:
Injection current:mean=0 stddev=0
Ext AMPA:prob=0,g=0
Ext GABA:prob=0,g=2.1
Ext Ach:prob=0,g=2.1
Ext GluCl:prob=0,g=0
Ext NMDA:prob=0,g=0
-------------------------------------------
neuron:40
ActCtr=239 Vth=-30.01mv El=-70mv g=0.1uS Cm=1nF Vreset=-50mv df=0.99005 ef=0.0995016 dVmax=401.903mv
AMPA df=0.1 Vrev=0mV GABA df=0.980199 Vrev=-70mV
NMDA dfxt=0.1 dfst=0.1 efst=0.01 Vrev=0mV as=0.6332 mg=1
ACH df=0.995012 Vrev=0mV GCL df=0.1 Vrev=-90mV
LIF: RfPed=1.9ms SpiDy=0ms
noise parameters:
Injection current:mean=0 stddev=0
Ext AMPA:prob=0,g=0
Ext GABA:prob=0,g=2.1
Ext Ach:prob=0,g=2.1
Ext GluCl:prob=0,g=0
Ext NMDA:prob=0,g=0
-------------------------------------------
neuron:41
ActCtr=239 Vth=-30.01mv El=-70mv g=0.1uS Cm=1nF Vreset=-50mv df=0.99005 ef=0.0995016 dVmax=401.903mv
AMPA df=0.1 Vrev=0mV GABA df=0.980199 Vrev=-70mV
NMDA dfxt=0.1 dfst=0.1 efst=0.01 Vrev=0mV as=0.6332 mg=1
ACH df=0.995012 Vrev=0mV GCL df=0.1 Vrev=-90mV
LIF: RfPed=1.9ms SpiDy=0ms
noise parameters:
Injection current:mean=0 stddev=0
Ext AMPA:prob=0,g=0
Ext GABA:prob=0,g=2.1
Ext Ach:prob=0,g=2.1
Ext GluCl:prob=0,g=0
Ext NMDA:prob=0,g=0
-------------------------------------------
neuron:42
ActCtr=239 Vth=-30.01mv El=-70mv g=0.1uS Cm=1nF Vreset=-50mv df=0.99005 ef=0.0995016 dVmax=401.903mv
AMPA df=0.1 Vrev=0mV GABA df=0.980199 Vrev=-70mV
NMDA dfxt=0.1 dfst=0.1 efst=0.01 Vrev=0mV as=0.6332 mg=1
ACH df=0.995012 Vrev=0mV GCL df=0.1 Vrev=-90mV
LIF: RfPed=1.9ms SpiDy=0ms
noise parameters:
Injection current:mean=0 stddev=0
Ext AMPA:prob=0,g=0
Ext GABA:prob=0,g=2.1
Ext Ach:prob=0,g=2.1
Ext GluCl:prob=0,g=0
Ext NMDA:prob=0,g=0
-------------------------------------------
neuron:43
ActCtr=239 Vth=-30.01mv El=-70mv g=0.1uS Cm=1nF Vreset=-50mv df=0.99005 ef=0.0995016 dVmax=401.903mv
AMPA df=0.1 Vrev=0mV GABA df=0.980199 Vrev=-70mV
NMDA dfxt=0.1 dfst=0.1 efst=0.01 Vrev=0mV as=0.6332 mg=1
ACH df=0.995012 Vrev=0mV GCL df=0.1 Vrev=-90mV
LIF: RfPed=1.9ms SpiDy=0ms
noise parameters:
Injection current:mean=0 stddev=0
Ext AMPA:prob=0,g=0
Ext GABA:prob=0,g=2.1
Ext Ach:prob=0,g=2.1
Ext GluCl:prob=0,g=0
Ext NMDA:prob=0,g=0
-------------------------------------------
neuron:44
ActCtr=239 Vth=-30.01mv El=-70mv g=0.1uS Cm=1nF Vreset=-50mv df=0.99005 ef=0.0995016 dVmax=401.903mv
AMPA df=0.1 Vrev=0mV GABA df=0.980199 Vrev=-70mV
NMDA dfxt=0.1 dfst=0.1 efst=0.01 Vrev=0mV as=0.6332 mg=1
ACH df=0.995012 Vrev=0mV GCL df=0.1 Vrev=-90mV
LIF: RfPed=1.9ms SpiDy=0ms
noise parameters:
Injection current:mean=0 stddev=0
Ext AMPA:prob=0,g=0
Ext GABA:prob=0,g=2.1
Ext Ach:prob=0,g=2.1
Ext GluCl:prob=0,g=0
Ext NMDA:prob=0,g=0
-------------------------------------------
neuron:45
ActCtr=239 Vth=-30.01mv El=-70mv g=0.1uS Cm=1nF Vreset=-50mv df=0.99005 ef=0.0995016 dVmax=401.903mv
AMPA df=0.1 Vrev=0mV GABA df=0.980199 Vrev=-70mV
NMDA dfxt=0.1 dfst=0.1 efst=0.01 Vrev=0mV as=0.6332 mg=1
ACH df=0.995012 Vrev=0mV GCL df=0.1 Vrev=-90mV
LIF: RfPed=1.9ms SpiDy=0ms
noise parameters:
Injection current:mean=0 stddev=0
Ext AMPA:prob=0,g=0
Ext GABA:prob=0,g=2.1
Ext Ach:prob=0,g=2.1
Ext GluCl:prob=0,g=0
Ext NMDA:prob=0,g=0
-------------------------------------------
neuron:46
ActCtr=239 Vth=-30.01mv El=-70mv g=0.1uS Cm=1nF Vreset=-50mv df=0.99005 ef=0.0995016 dVmax=401.903mv
AMPA df=0.1 Vrev=0mV GABA df=0.980199 Vrev=-70mV
NMDA dfxt=0.1 dfst=0.1 efst=0.01 Vrev=0mV as=0.6332 mg=1
ACH df=0.995012 Vrev=0mV GCL df=0.1 Vrev=-90mV
LIF: RfPed=1.9ms SpiDy=0ms
noise parameters:
Injection current:mean=0 stddev=0
Ext AMPA:prob=0,g=0
Ext GABA:prob=0,g=2.1
Ext Ach:prob=0,g=2.1
Ext GluCl:prob=0,g=0
Ext NMDA:prob=0,g=0
-------------------------------------------
neuron:47
ActCtr=239 Vth=-30.01mv El=-70mv g=0.1uS Cm=1nF Vreset=-50mv df=0.99005 ef=0.0995016 dVmax=401.903mv
AMPA df=0.1 Vrev=0mV GABA df=0.980199 Vrev=-70mV
NMDA dfxt=0.1 dfst=0.1 efst=0.01 Vrev=0mV as=0.6332 mg=1
ACH df=0.995012 Vrev=0mV GCL df=0.1 Vrev=-90mV
LIF: RfPed=1.9ms SpiDy=0ms
noise parameters:
Injection current:mean=0 stddev=0
Ext AMPA:prob=0,g=0
Ext GABA:prob=0,g=2.1
Ext Ach:prob=0,g=2.1
Ext GluCl:prob=0,g=0
Ext NMDA:prob=0,g=0
-------------------------------------------
neuron:48
ActCtr=239 Vth=-30.01mv El=-70mv g=0.1uS Cm=1nF Vreset=-50mv df=0.99005 ef=0.0995016 dVmax=401.903mv
AMPA df=0.1 Vrev=0mV GABA df=0.980199 Vrev=-70mV
NMDA dfxt=0.1 dfst=0.1 efst=0.01 Vrev=0mV as=0.6332 mg=1
ACH df=0.995012 Vrev=0mV GCL df=0.1 Vrev=-90mV
LIF: RfPed=1.9ms SpiDy=0ms
noise parameters:
Injection current:mean=0 stddev=0
Ext AMPA:prob=0,g=0
Ext GABA:prob=0,g=2.1
Ext Ach:prob=0,g=2.1
Ext GluCl:prob=0,g=0
Ext NMDA:prob=0,g=0
-------------------------------------------
neuron:49
ActCtr=239 Vth=-30.01mv El=-70mv g=0.1uS Cm=1nF Vreset=-50mv df=0.99005 ef=0.0995016 dVmax=401.903mv
AMPA df=0.1 Vrev=0mV GABA df=0.980199 Vrev=-70mV
NMDA dfxt=0.1 dfst=0.1 efst=0.01 Vrev=0mV as=0.6332 mg=1
ACH df=0.995012 Vrev=0mV GCL df=0.1 Vrev=-90mV
LIF: RfPed=1.9ms SpiDy=0ms
noise parameters:
Injection current:mean=0 stddev=0
Ext AMPA:prob=0,g=0
Ext GABA:prob=0,g=2.1
Ext Ach:prob=0,g=2.1
Ext GluCl:prob=0,g=0
Ext NMDA:prob=0,g=0

synapse connection information----------------------------------
SynGABA1:Num;PreID,PosID,g;PreID,PosID,g...
SynGABA1:98;46,1,0.5
;49,2,0.5;48,2,0.5;48,4,0.5;45,4,0.5;48,5,0.5;46,7,0.5;49,7,0.5;45,8,0.5;47,9,0.5;49,9,0.5
;48,9,0.5;45,10,0.5;46,10,0.5;47,10,0.5;48,11,0.5;49,11,0.5;45,11,0.5;45,12,0.5;46,13,0.5;45,13,0.5
;46,14,0.5;45,15,0.5;49,15,0.5;47,15,0.5;46,16,0.5;49,16,0.5;49,17,0.5;46,17,0.5;49,18,0.5;45,18,0.5
;48,18,0.5;47,19,0.5;48,19,0.5;46,19,0.5;49,19,0.5;49,20,0.5;47,20,0.5;45,20,0.5;47,21,0.5;48,21,0.5
;45,21,0.5;49,21,0.5;48,22,0.5;46,22,0.5;45,23,0.5;47,23,0.5;49,24,0.5;45,24,0.5;49,25,0.5;48,26,0.5
;47,26,0.5;45,26,0.5;46,26,0.5;47,27,0.5;49,28,0.5;46,28,0.5;47,28,0.5;48,29,0.5;46,29,0.5;47,30,0.5
;45,32,0.5;46,32,0.5;48,32,0.5;49,32,0.5;48,33,0.5;46,33,0.5;49,33,0.5;49,34,0.5;47,34,0.5;49,36,0.5
;47,36,0.5;48,36,0.5;48,37,0.5;48,38,0.5;48,39,0.5;46,39,0.5;46,40,0.5;45,40,0.5;45,41,0.5;48,42,0.5
;46,42,0.5;49,42,0.5;45,42,0.5;45,43,0.5;49,44,0.5;45,44,0.5;46,44,0.5;46,45,0.5;48,46,0.5;45,46,0.5
;46,47,0.5;48,47,0.5;47,48,0.5;46,48,0.5;47,49,0.5;45,49,0.5;48,49,0.5
SynACH1:Num;PreID,PosID,g;PreID,PosID,g...
SynACH1:888;18,0,5;44,0,5;1,0,5
;9,0,5;8,0,5;30,0,5;36,0,5;22,0,5;37,0,5;3,0,5;7,0,5;13,0,5;42,0,5
;32,0,5;25,0,5;15,0,5;10,1,5;13,1,5;40,1,5;31,1,5;25,1,5;39,1,5;9,1,5
;2,1,5;18,1,5;32,1,5;22,1,5;5,1,5;23,1,5;38,1,5;6,1,5;34,1,5;44,1,5
;16,1,5;8,1,5;0,1,5;37,1,5;42,1,5;9,2,5;28,2,5;43,2,5;32,2,5;5,2,5
;13,2,5;15,2,5;6,2,5;24,2,5;44,2,5;0,2,5;11,2,5;27,2,5;29,2,5;1,2,5
;4,2,5;10,2,5;33,2,5;9,3,5;7,3,5;32,3,5;29,3,5;5,3,5;42,3,5;30,3,5
;41,3,5;12,3,5;38,3,5;37,3,5;20,3,5;8,3,5;24,3,5;10,3,5;11,3,5;14,3,5
;2,3,5;38,4,5;40,4,5;23,4,5;22,4,5;15,4,5;18,4,5;14,4,5;19,4,5;30,4,5
;16,4,5;0,4,5;35,4,5;9,4,5;12,4,5;42,4,5;33,4,5;3,4,5;26,4,5;19,5,5
;29,5,5;12,5,5;40,5,5;17,5,5;1,5,5;30,5,5;2,5,5;13,5,5;36,5,5;41,5,5
;20,5,5;28,5,5;33,5,5;21,5,5;7,5,5;11,6,5;13,6,5;21,6,5;24,6,5;18,6,5
;28,6,5;20,6,5;27,6,5;7,6,5;29,6,5;38,6,5;0,6,5;30,6,5;17,6,5;25,6,5
;26,6,5;23,6,5;22,7,5;38,7,5;26,7,5;37,7,5;35,7,5;44,7,5;3,7,5;32,7,5
;41,7,5;14,7,5;19,7,5;15,7,5;2,7,5;0,7,5;24,7,5;23,7,5;12,7,5;1,8,5
;17,8,5;14,8,5;35,8,5;37,8,5;44,8,5;11,8,5;23,8,5;16,8,5;36,8,5;25,8,5
;31,8,5;34,8,5;27,8,5;22,8,5;7,8,5;28,8,5;0,8,5;12,8,5;30,8,5;12,9,5
;13,9,5;28,9,5;43,9,5;26,9,5;32,9,5;29,9,5;41,9,5;36,9,5;24,9,5;39,9,5
;42,9,5;25,9,5;30,9,5;7,9,5;2,10,5;26,10,5;21,10,5;20,10,5;12,10,5;43,10,5
;41,10,5;34,10,5;17,10,5;29,10,5;19,10,5;8,10,5;33,10,5;24,10,5;16,10,5;42,10,5
;23,11,5;10,11,5;19,11,5;31,11,5;34,11,5;35,11,5;12,11,5;1,11,5;20,11,5;41,11,5
;33,11,5;17,11,5;26,11,5;37,11,5;40,11,5;38,11,5;42,12,5;15,12,5;40,12,5;20,12,5
;14,12,5;32,12,5;41,12,5;30,12,5;4,12,5;38,12,5;8,12,5;0,12,5;1,12,5;36,12,5
;28,12,5;25,12,5;39,12,5;22,12,5;2,12,5;18,12,5;43,13,5;21,13,5;15,13,5;25,13,5
;5,13,5;22,13,5;41,13,5;34,13,5;3,13,5;14,13,5;30,13,5;29,13,5;8,13,5;18,13,5
;28,13,5;10,13,5;36,13,5;1,13,5;30,14,5;32,14,5;31,14,5;17,14,5;13,14,5;27,14,5
;6,14,5;39,14,5;40,14,5;7,14,5;41,14,5;37,14,5;9,14,5;2,14,5;1,14,5;36,14,5
;35,14,5;44,14,5;0,14,5;19,14,5;11,14,5;14,15,5;22,15,5;40,15,5;6,15,5;26,15,5
;4,15,5;38,15,5;23,15,5;18,15,5;32,15,5;37,15,5;31,15,5;3,15,5;35,15,5;43,15,5
;28,15,5;19,15,5;10,15,5;13,15,5;34,16,5;0,16,5;15,16,5;44,16,5;42,16,5;3,16,5
;26,16,5;17,16,5;21,16,5;13,16,5;29,16,5;33,16,5;35,16,5;20,16,5;9,16,5;36,16,5
;28,16,5;38,16,5;41,17,5;30,17,5;39,17,5;12,17,5;44,17,5;32,17,5;27,17,5;43,17,5
;15,17,5;20,17,5;42,17,5;40,17,5;8,17,5;14,17,5;37,17,5;21,17,5;6,17,5;38,17,5
;23,18,5;28,18,5;21,18,5;22,18,5;24,18,5;27,18,5;44,18,5;0,18,5;7,18,5;8,18,5
;6,18,5;12,18,5;34,18,5;43,18,5;16,18,5;23,19,5;5,19,5;11,19,5;32,19,5;15,19,5
;44,19,5;35,19,5;20,19,5;17,19,5;6,19,5;27,19,5;3,19,5;1,19,5;31,19,5;7,19,5
;41,19,5;5,20,5;29,20,5;11,20,5;40,20,5;19,20,5;35,20,5;27,20,5;1,20,5;22,20,5
;39,20,5;7,20,5;21,20,5;26,20,5;30,20,5;2,20,5;23,20,5;17,20,5;31,20,5;16,21,5
;1,21,5;40,21,5;20,21,5;10,21,5;36,21,5;6,21,5;25,21,5;28,21,5;0,21,5;31,21,5
;5,21,5;22,21,5;15,21,5;3,21,5;32,21,5;33,21,5;4,21,5;41,21,5;17,22,5;8,22,5
;9,22,5;14,22,5;38,22,5;43,22,5;34,22,5;4,22,5;21,22,5;6,22,5;16,22,5;12,22,5
;20,22,5;10,22,5;30,22,5;3,22,5;32,22,5;29,22,5;25,23,5;24,23,5;42,23,5;39,23,5
;2,23,5;4,23,5;22,23,5;30,23,5;9,23,5;12,23,5;19,23,5;35,23,5;10,23,5;13,23,5
;20,23,5;16,23,5;16,24,5;30,24,5;11,24,5;13,24,5;42,24,5;1,24,5;33,24,5;3,24,5
;14,24,5;44,24,5;32,24,5;18,24,5;17,24,5;8,24,5;5,24,5;27,24,5;6,24,5;9,24,5
;36,24,5;19,24,5;21,25,5;32,25,5;0,25,5;31,25,5;33,25,5;24,25,5;28,25,5;18,25,5
;34,25,5;22,25,5;17,25,5;10,25,5;11,25,5;16,25,5;19,25,5;0,26,5;25,26,5;13,26,5
;1,26,5;24,26,5;44,26,5;5,26,5;7,26,5;9,26,5;21,26,5;6,26,5;36,26,5;23,26,5
;29,26,5;42,26,5;33,26,5;32,26,5;40,27,5;29,27,5;35,27,5;26,27,5;25,27,5;39,27,5
;44,27,5;43,27,5;31,27,5;22,27,5;0,27,5;15,27,5;5,27,5;1,27,5;14,27,5;7,27,5
;11,27,5;8,27,5;10,27,5;18,27,5;11,28,5;23,28,5;40,28,5;6,28,5;37,28,5;19,28,5
;10,28,5;24,28,5;35,28,5;13,28,5;33,28,5;15,28,5;16,28,5;26,28,5;44,28,5;25,28,5
;4,28,5;29,28,5;43,28,5;2,28,5;31,29,5;41,29,5;8,29,5;43,29,5;9,29,5;10,29,5
;11,29,5;12,29,5;34,29,5;44,29,5;1,29,5;19,29,5;7,29,5;40,29,5;39,29,5;0,29,5
;17,29,5;31,30,5;24,30,5;34,30,5;28,30,5;3,30,5;14,30,5;17,30,5;20,30,5;43,30,5
;27,30,5;11,30,5;16,30,5;19,30,5;29,30,5;26,31,5;15,31,5;16,31,5;41,31,5;4,31,5
;1,31,5;34,31,5;19,31,5;12,31,5;20,31,5;6,31,5;35,31,5;24,31,5;2,31,5;21,31,5
;39,31,5;3,31,5;42,31,5;37,31,5;7,31,5;11,32,5;18,32,5;31,32,5;16,32,5;34,32,5
;36,32,5;37,32,5;6,32,5;40,32,5;3,32,5;2,32,5;43,32,5;29,32,5;23,32,5;20,32,5
;26,32,5;14,33,5;31,33,5;4,33,5;5,33,5;40,33,5;26,33,5;32,33,5;7,33,5;38,33,5
;36,33,5;9,33,5;28,33,5;44,33,5;18,33,5;8,33,5;14,34,5;13,34,5;37,34,5;40,34,5
;15,34,5;6,34,5;38,34,5;19,34,5;5,34,5;33,34,5;21,34,5;43,34,5;18,34,5;29,34,5
;1,34,5;17,34,5;0,34,5;36,35,5;39,35,5;15,35,5;1,35,5;7,35,5;28,35,5;38,35,5
;27,35,5;8,35,5;44,35,5;18,35,5;25,35,5;6,35,5;34,35,5;16,35,5;42,35,5;40,35,5
;2,35,5;29,35,5;3,35,5;42,36,5;35,36,5;4,36,5;9,36,5;5,36,5;31,36,5;44,36,5
;30,36,5;14,36,5;18,36,5;15,36,5;38,36,5;26,36,5;10,36,5;23,36,5;39,36,5;13,37,5
;0,37,5;27,37,5;35,37,5;21,37,5;36,37,5;7,37,5;6,37,5;23,37,5;5,37,5;41,37,5
;4,37,5;3,37,5;42,37,5;24,37,5;2,37,5;14,37,5;19,37,5;16,37,5;18,38,5;36,38,5
;21,38,5;8,38,5;37,38,5;32,38,5;15,38,5;19,38,5;11,38,5;39,38,5;33,38,5;16,38,5
;41,38,5;25,38,5;24,38,5;42,38,5;17,38,5;44,38,5;30,38,5;2,38,5;13,39,5;4,39,5
;9,39,5;8,39,5;17,39,5;38,39,5;20,39,5;43,39,5;19,39,5;26,39,5;31,39,5;23,39,5
;16,39,5;40,39,5;12,39,5;35,39,5;33,39,5;30,40,5;14,40,5;4,40,5;8,40,5;22,40,5
;28,40,5;3,40,5;33,40,5;27,40,5;35,40,5;18,40,5;24,40,5;15,40,5;7,40,5;29,40,5
;20,40,5;16,41,5;26,41,5;13,41,5;5,41,5;39,41,5;37,41,5;38,41,5;27,41,5;22,41,5
;34,41,5;8,41,5;29,41,5;21,41,5;24,41,5;4,41,5;43,41,5;33,41,5;42,41,5;12,41,5
;23,41,5;33,42,5;4,42,5;38,42,5;24,42,5;43,42,5;32,42,5;28,42,5;29,42,5;23,42,5
;21,42,5;40,42,5;19,42,5;17,42,5;31,42,5;35,42,5;36,42,5;39,43,5;31,43,5;40,43,5
;5,43,5;32,43,5;27,43,5;28,43,5;29,43,5;4,43,5;41,43,5;22,43,5;38,43,5;30,43,5
;0,43,5;7,43,5;13,43,5;18,43,5;1,43,5;34,43,5;36,43,5;25,43,5;43,44,5;8,44,5
;4,44,5;31,44,5;14,44,5;1,44,5;26,44,5;10,44,5;3,44,5;30,44,5;36,44,5;5,44,5
;27,44,5;11,44,5;21,44,5;23,44,5;42,45,5;44,45,5;1,45,5;14,45,5;18,45,5;4,45,5
;23,45,5;39,45,5;43,45,5;12,45,5;25,45,5;3,45,5;9,45,5;33,45,5;21,45,5;19,45,5
;32,45,5;0,45,5;22,45,5;27,46,5;26,46,5;43,46,5;25,46,5;17,46,5;15,46,5;33,46,5
;42,46,5;6,46,5;9,46,5;44,46,5;21,46,5;40,46,5;18,46,5;37,46,5;20,46,5;34,46,5
;35,46,5;4,46,5;28,46,5;44,47,5;7,47,5;16,47,5;15,47,5;24,47,5;38,47,5;35,47,5
;39,47,5;9,47,5;1,47,5;34,47,5;5,47,5;6,47,5;20,47,5;17,47,5;42,47,5;37,47,5
;31,47,5;41,47,5;36,47,5;37,48,5;40,48,5;0,48,5;5,48,5;19,48,5;10,48,5;14,48,5
;4,48,5;39,48,5;24,48,5;38,48,5;25,48,5;22,48,5;13,48,5;7,48,5;34,48,5;14,49,5
;11,49,5;7,49,5;31,49,5;6,49,5;10,49,5;0,49,5;33,49,5;3,49,5;5,49,5;41,49,5
;36,49,5;35,49,5;26,49,5;15,49,5;23,49,5

time event information:-------------------------------------------
Event Time=0.2, type:CurrentInjec, Target population:0, Receptor:0, Variable1=4, Variable2=0
Event Time=0.2, type:CurrentInjec, Target population:1, Receptor:0, Variable1=4, Variable2=0
Event Time=0.2, type:CurrentInjec, Target population:2, Receptor:0, Variable1=4, Variable2=0
Event Time=0.2, type:CurrentInjec, Target population:9, Receptor:0, Variable1=4, Variable2=0
Event Time=0.2, type:CurrentInjec, Target population:3, Receptor:0, Variable1=4, Variable2=0
Event Time=0.2, type:CurrentInjec, Target population:4, Receptor:0, Variable1=4, Variable2=0
Event Time=0.2, type:CurrentInjec, Target population:8, Receptor:0, Variable1=4, Variable2=0
Event Time=0.2, type:CurrentInjec, Target population:5, Receptor:0, Variable1=4, Variable2=0
Event Time=0.2, type:CurrentInjec, Target population:6, Receptor:0, Variable1=4, Variable2=0
Event Time=0.2, type:CurrentInjec, Target population:7, Receptor:0, Variable1=4, Variable2=0
Event Time=0.3, type:CurrentInjec, Target population:0, Receptor:0, Variable1=0, Variable2=0
Event Time=0.3, type:CurrentInjec, Target population:9, Receptor:0, Variable1=0, Variable2=0
Event Time=0.3, type:CurrentInjec, Target population:8, Receptor:0, Variable1=0, Variable2=0
Event Time=0.3, type:CurrentInjec, Target population:7, Receptor:0, Variable1=0, Variable2=0
Event Time=0.3, type:CurrentInjec, Target population:6, Receptor:0, Variable1=0, Variable2=0
Event Time=0.3, type:CurrentInjec, Target population:5, Receptor:0, Variable1=0, Variable2=0
Event Time=0.3, type:CurrentInjec, Target population:4, Receptor:0, Variable1=0, Variable2=0
Event Time=0.3, type:CurrentInjec, Target population:3, Receptor:0, Variable1=0, Variable2=0
Event Time=0.3, type:CurrentInjec, Target population:2, Receptor:0, Variable1=0, Variable2=0
Event Time=0.3, type:CurrentInjec, Target population:1, Receptor:0, Variable1=0, Variable2=0
Event Time=1, Target population:0, Receptor:0, Variable1=0, Variable2=0

output files information:-----------------------------------------
Output File Name:FiringRateALL.dat, Type:FiringRate
Population:0, 
1, 2, 3, 4, 5, 6, 7, 8, 9, 10, 
11, 12, 13, 14, 15, 16, 17, 18, 19, 20, 
21, 22, 23, 24, 25, 26, 27, 28, 29, 30, 
31, 32, 33, 34, 35, 36, 37, 38, 39, 40, 
41, 42, 43, 44, 45, 46, 47, 48, 49, 
FiringRateWinodw=100ms PrintStep=10ms
1:Time 2:NID=0 3:NID=1 4:NID=2 5:NID=3 6:NID=4 7:NID=5 8:NID=6 9:NID=7 10:NID=8 11:NID=9 12:NID=10 13:NID=11 14:NID=12 15:NID=13 16:NID=14 17:NID=15 18:NID=16 19:NID=17 20:NID=18 21:NID=19 22:NID=20 23:NID=21 24:NID=22 25:NID=23 26:NID=24 27:NID=25 28:NID=26 29:NID=27 30:NID=28 31:NID=29 32:NID=30 33:NID=31 34:NID=32 35:NID=33 36:NID=34 37:NID=35 38:NID=36 39:NID=37 40:NID=38 41:NID=39 42:NID=40 43:NID=41 44:NID=42 45:NID=43 46:NID=44 47:NID=45 48:NID=46 49:NID=47 50:NID=48 51:NID=49

Output File Name:SpikeALL.dat, Type:Spike
Population:0, 
1, 2, 3, 4, 5, 6, 7, 8, 9, 10, 
11, 12, 13, 14, 15, 16, 17, 18, 19, 20, 
21, 22, 23, 24, 25, 26, 27, 28, 29, 30, 
31, 32, 33, 34, 35, 36, 37, 38, 39, 40, 
41, 42, 43, 44, 45, 46, 47, 48, 49, 

Output File Name:MemPot.dat, Type:MemPot
Population:0, 
1, 2, 3, 4, 5, 6, 7, 8, 9, 10, 
11, 12, 13, 14, 15, 16, 17, 18, 19, 20, 
21, 22, 23, 24, 25, 26, 27, 28, 29, 30, 
31, 32, 33, 34, 35, 36, 37, 38, 39, 40, 
41, 42, 43, 44, 45, 46, 47, 48, 49, 
1:Time 2:NID=0 3:NID=1 4:NID=2 5:NID=3 6:NID=4 7:NID=5 8:NID=6 9:NID=7 10:NID=8 11:NID=9 12:NID=10 13:NID=11 14:NID=12 15:NID=13 16:NID=14 17:NID=15 18:NID=16 19:NID=17 20:NID=18 21:NID=19 22:NID=20 23:NID=21 24:NID=22 25:NID=23 26:NID=24 27:NID=25 28:NID=26 29:NID=27 30:NID=28 31:NID=29 32:NID=30 33:NID=31 34:NID=32 35:NID=33 36:NID=34 37:NID=35 38:NID=36 39:NID=37 40:NID=38 41:NID=39 42:NID=40 43:NID=41 44:NID=42 45:NID=43 46:NID=44 47:NID=45 48:NID=46 49:NID=47 50:NID=48 51:NID=49

